<?xml version="1.0" encoding="UTF-8"?>
<coverage generated="1716148424755" clover="3.2.0">
  <project timestamp="1716148424755" name="All files">
    <metrics statements="127" coveredstatements="87" conditionals="29" coveredconditionals="11" methods="24" coveredmethods="16" elements="180" coveredelements="114" complexity="0" loc="127" ncloc="127" packages="1" files="3" classes="3"/>
    <file name="auth0Client.js" path="C:\Users\danke\Downloads\STIN_SEM\auth0Client.js">
      <metrics statements="4" coveredstatements="3" conditionals="0" coveredconditionals="0" methods="1" coveredmethods="0"/>
      <line num="2" count="1" type="stmt"/>
      <line num="3" count="1" type="stmt"/>
      <line num="5" count="1" type="stmt"/>
      <line num="6" count="0" type="stmt"/>
    </file>
    <file name="index.js" path="C:\Users\danke\Downloads\STIN_SEM\index.js">
      <metrics statements="68" coveredstatements="48" conditionals="10" coveredconditionals="3" methods="10" coveredmethods="8"/>
      <line num="3" count="1" type="stmt"/>
      <line num="4" count="1" type="stmt"/>
      <line num="5" count="1" type="stmt"/>
      <line num="6" count="1" type="stmt"/>
      <line num="8" count="1" type="stmt"/>
      <line num="9" count="1" type="stmt"/>
      <line num="15" count="1" type="stmt"/>
      <line num="18" count="1" type="stmt"/>
      <line num="19" count="1" type="stmt"/>
      <line num="21" count="1" type="stmt"/>
      <line num="22" count="1" type="stmt"/>
      <line num="25" count="1" type="stmt"/>
      <line num="26" count="0" type="stmt"/>
      <line num="27" count="0" type="cond" truecount="0" falsecount="2"/>
      <line num="28" count="0" type="stmt"/>
      <line num="30" count="0" type="stmt"/>
      <line num="36" count="3" type="stmt"/>
      <line num="38" count="3" type="stmt"/>
      <line num="39" count="3" type="stmt"/>
      <line num="40" count="2" type="cond" truecount="1" falsecount="1"/>
      <line num="41" count="0" type="stmt"/>
      <line num="43" count="2" type="stmt"/>
      <line num="44" count="2" type="stmt"/>
      <line num="45" count="0" type="stmt"/>
      <line num="46" count="0" type="stmt"/>
      <line num="47" count="0" type="stmt"/>
      <line num="48" count="0" type="cond" truecount="0" falsecount="2"/>
      <line num="49" count="0" type="stmt"/>
      <line num="52" count="3" type="stmt"/>
      <line num="57" count="2" type="stmt"/>
      <line num="59" count="2" type="stmt"/>
      <line num="60" count="2" type="stmt"/>
      <line num="61" count="1" type="cond" truecount="1" falsecount="1"/>
      <line num="62" count="0" type="stmt"/>
      <line num="64" count="1" type="stmt"/>
      <line num="65" count="1" type="stmt"/>
      <line num="67" count="2" type="stmt"/>
      <line num="72" count="0" type="stmt"/>
      <line num="73" count="0" type="stmt"/>
      <line num="74" count="0" type="stmt"/>
      <line num="75" count="0" type="stmt"/>
      <line num="76" count="0" type="stmt"/>
      <line num="77" count="0" type="stmt"/>
      <line num="81" count="1" type="stmt"/>
      <line num="82" count="1" type="stmt"/>
      <line num="84" count="1" type="stmt"/>
      <line num="85" count="7" type="stmt"/>
      <line num="86" count="7" type="stmt"/>
      <line num="87" count="7" type="stmt"/>
      <line num="89" count="7" type="stmt"/>
      <line num="92" count="7" type="stmt"/>
      <line num="93" count="7" type="stmt"/>
      <line num="97" count="1" type="stmt"/>
      <line num="98" count="1" type="stmt"/>
      <line num="100" count="1" type="stmt"/>
      <line num="101" count="2" type="cond" truecount="1" falsecount="1"/>
      <line num="102" count="0" type="stmt"/>
      <line num="103" count="0" type="stmt"/>
      <line num="105" count="2" type="stmt"/>
      <line num="107" count="1" type="stmt"/>
      <line num="117" count="0" type="stmt"/>
      <line num="119" count="1" type="stmt"/>
      <line num="125" count="1" type="stmt"/>
      <line num="139" count="1" type="stmt"/>
      <line num="140" count="1" type="stmt"/>
      <line num="142" count="1" type="stmt"/>
      <line num="143" count="1" type="stmt"/>
      <line num="147" count="3" type="stmt"/>
    </file>
    <file name="login.js" path="C:\Users\danke\Downloads\STIN_SEM\login.js">
      <metrics statements="55" coveredstatements="36" conditionals="19" coveredconditionals="8" methods="13" coveredmethods="8"/>
      <line num="4" count="1" type="stmt"/>
      <line num="10" count="1" type="stmt"/>
      <line num="11" count="7" type="stmt"/>
      <line num="12" count="2" type="cond" truecount="5" falsecount="0"/>
      <line num="13" count="1" type="stmt"/>
      <line num="14" count="1" type="stmt"/>
      <line num="15" count="1" type="cond" truecount="1" falsecount="1"/>
      <line num="16" count="1" type="stmt"/>
      <line num="17" count="1" type="stmt"/>
      <line num="18" count="1" type="stmt"/>
      <line num="20" count="1" type="stmt"/>
      <line num="21" count="1" type="stmt"/>
      <line num="22" count="0" type="cond" truecount="0" falsecount="2"/>
      <line num="23" count="0" type="stmt"/>
      <line num="26" count="1" type="cond" truecount="1" falsecount="1"/>
      <line num="27" count="1" type="stmt"/>
      <line num="32" count="1" type="stmt"/>
      <line num="33" count="0" type="stmt"/>
      <line num="34" count="0" type="stmt"/>
      <line num="36" count="0" type="cond" truecount="0" falsecount="2"/>
      <line num="37" count="0" type="stmt"/>
      <line num="38" count="0" type="stmt"/>
      <line num="41" count="0" type="cond" truecount="0" falsecount="2"/>
      <line num="42" count="0" type="stmt"/>
      <line num="45" count="0" type="cond" truecount="0" falsecount="2"/>
      <line num="46" count="0" type="stmt"/>
      <line num="47" count="0" type="stmt"/>
      <line num="49" count="0" type="stmt"/>
      <line num="51" count="0" type="stmt"/>
      <line num="56" count="0" type="stmt"/>
      <line num="63" count="0" type="stmt"/>
      <line num="66" count="0" type="stmt"/>
      <line num="68" count="0" type="stmt"/>
      <line num="71" count="1" type="stmt"/>
      <line num="72" count="2" type="stmt"/>
      <line num="73" count="2" type="stmt"/>
      <line num="74" count="2" type="stmt"/>
      <line num="75" count="4" type="stmt"/>
      <line num="76" count="4" type="stmt"/>
      <line num="77" count="4" type="stmt"/>
      <line num="78" count="4" type="stmt"/>
      <line num="80" count="2" type="stmt"/>
      <line num="83" count="1" type="stmt"/>
      <line num="84" count="1" type="stmt"/>
      <line num="87" count="1" type="stmt"/>
      <line num="88" count="1" type="stmt"/>
      <line num="92" count="1" type="stmt"/>
      <line num="93" count="5" type="cond" truecount="1" falsecount="1"/>
      <line num="95" count="5" type="stmt"/>
      <line num="96" count="5" type="stmt"/>
      <line num="97" count="5" type="stmt"/>
      <line num="98" count="5" type="stmt"/>
      <line num="99" count="0" type="stmt"/>
      <line num="101" count="5" type="stmt"/>
      <line num="104" count="1" type="stmt"/>
    </file>
  </project>
</coverage>
