{"C:\\Users\\danke\\Downloads\\STIN_SEM\\index.js": {"path":"C:\\Users\\danke\\Downloads\\STIN_SEM\\index.js","statementMap":{"0":{"start":{"line":3,"column":14},"end":{"line":3,"column":55}},"1":{"start":{"line":4,"column":19},"end":{"line":4,"column":69}},"2":{"start":{"line":5,"column":15},"end":{"line":5,"column":65}},"3":{"start":{"line":6,"column":24},"end":{"line":6,"column":26}},"4":{"start":{"line":8,"column":19},"end":{"line":8,"column":60}},"5":{"start":{"line":9,"column":22},"end":{"line":9,"column":117}},"6":{"start":{"line":15,"column":21},"end":{"line":15,"column":62}},"7":{"start":{"line":18,"column":21},"end":{"line":18,"column":55}},"8":{"start":{"line":19,"column":21},"end":{"line":19,"column":55}},"9":{"start":{"line":21,"column":4},"end":{"line":21,"column":56}},"10":{"start":{"line":22,"column":4},"end":{"line":22,"column":27}},"11":{"start":{"line":25,"column":0},"end":{"line":32,"column":3}},"12":{"start":{"line":26,"column":23},"end":{"line":26,"column":60}},"13":{"start":{"line":27,"column":4},"end":{"line":31,"column":5}},"14":{"start":{"line":28,"column":8},"end":{"line":28,"column":56}},"15":{"start":{"line":30,"column":8},"end":{"line":30,"column":63}},"16":{"start":{"line":36,"column":24},"end":{"line":36,"column":56}},"17":{"start":{"line":38,"column":4},"end":{"line":53,"column":5}},"18":{"start":{"line":39,"column":25},"end":{"line":39,"column":51}},"19":{"start":{"line":40,"column":8},"end":{"line":42,"column":9}},"20":{"start":{"line":41,"column":12},"end":{"line":41,"column":59}},"21":{"start":{"line":43,"column":21},"end":{"line":43,"column":42}},"22":{"start":{"line":44,"column":25},"end":{"line":44,"column":36}},"23":{"start":{"line":45,"column":26},"end":{"line":45,"column":37}},"24":{"start":{"line":46,"column":8},"end":{"line":46,"column":40}},"25":{"start":{"line":47,"column":24},"end":{"line":47,"column":55}},"26":{"start":{"line":48,"column":8},"end":{"line":50,"column":9}},"27":{"start":{"line":49,"column":12},"end":{"line":49,"column":52}},"28":{"start":{"line":52,"column":8},"end":{"line":52,"column":29}},"29":{"start":{"line":57,"column":24},"end":{"line":57,"column":73}},"30":{"start":{"line":59,"column":4},"end":{"line":70,"column":5}},"31":{"start":{"line":60,"column":25},"end":{"line":60,"column":51}},"32":{"start":{"line":61,"column":8},"end":{"line":63,"column":9}},"33":{"start":{"line":62,"column":12},"end":{"line":62,"column":59}},"34":{"start":{"line":64,"column":21},"end":{"line":64,"column":42}},"35":{"start":{"line":65,"column":8},"end":{"line":65,"column":26}},"36":{"start":{"line":66,"column":8},"end":{"line":66,"column":36}},"37":{"start":{"line":67,"column":8},"end":{"line":67,"column":42}},"38":{"start":{"line":69,"column":8},"end":{"line":69,"column":29}},"39":{"start":{"line":74,"column":17},"end":{"line":74,"column":68}},"40":{"start":{"line":75,"column":4},"end":{"line":75,"column":23}},"41":{"start":{"line":76,"column":23},"end":{"line":76,"column":52}},"42":{"start":{"line":77,"column":4},"end":{"line":77,"column":27}},"43":{"start":{"line":78,"column":21},"end":{"line":78,"column":60}},"44":{"start":{"line":79,"column":4},"end":{"line":79,"column":27}},"45":{"start":{"line":80,"column":4},"end":{"line":80,"column":31}},"46":{"start":{"line":84,"column":24},"end":{"line":84,"column":26}},"47":{"start":{"line":85,"column":26},"end":{"line":85,"column":28}},"48":{"start":{"line":87,"column":4},"end":{"line":98,"column":5}},"49":{"start":{"line":87,"column":17},"end":{"line":87,"column":18}},"50":{"start":{"line":88,"column":21},"end":{"line":88,"column":31}},"51":{"start":{"line":89,"column":8},"end":{"line":89,"column":41}},"52":{"start":{"line":90,"column":30},"end":{"line":90,"column":62}},"53":{"start":{"line":92,"column":20},"end":{"line":92,"column":136}},"54":{"start":{"line":95,"column":8},"end":{"line":97,"column":10}},"55":{"start":{"line":96,"column":40},"end":{"line":96,"column":55}},"56":{"start":{"line":100,"column":4},"end":{"line":124,"column":5}},"57":{"start":{"line":101,"column":24},"end":{"line":101,"column":56}},"58":{"start":{"line":103,"column":8},"end":{"line":119,"column":11}},"59":{"start":{"line":104,"column":12},"end":{"line":107,"column":13}},"60":{"start":{"line":105,"column":16},"end":{"line":105,"column":40}},"61":{"start":{"line":106,"column":16},"end":{"line":106,"column":23}},"62":{"start":{"line":109,"column":106},"end":{"line":109,"column":116}},"63":{"start":{"line":111,"column":12},"end":{"line":118,"column":15}},"64":{"start":{"line":121,"column":8},"end":{"line":121,"column":43}},"65":{"start":{"line":123,"column":8},"end":{"line":123,"column":64}},"66":{"start":{"line":128,"column":4},"end":{"line":128,"column":29}},"67":{"start":{"line":130,"column":22},"end":{"line":142,"column":20}},"68":{"start":{"line":144,"column":22},"end":{"line":144,"column":57}},"69":{"start":{"line":145,"column":24},"end":{"line":145,"column":42}},"70":{"start":{"line":147,"column":32},"end":{"line":147,"column":69}},"71":{"start":{"line":148,"column":4},"end":{"line":148,"column":74}},"72":{"start":{"line":152,"column":4},"end":{"line":152,"column":22}},"73":{"start":{"line":153,"column":4},"end":{"line":161,"column":15}}},"fnMap":{"0":{"name":"writeText","decl":{"start":{"line":13,"column":9},"end":{"line":13,"column":18}},"loc":{"start":{"line":13,"column":21},"end":{"line":23,"column":1}},"line":13},"1":{"name":"(anonymous_1)","decl":{"start":{"line":25,"column":46},"end":{"line":25,"column":47}},"loc":{"start":{"line":25,"column":52},"end":{"line":32,"column":1}},"line":25},"2":{"name":"getLocation","decl":{"start":{"line":35,"column":15},"end":{"line":35,"column":26}},"loc":{"start":{"line":35,"column":37},"end":{"line":54,"column":1}},"line":35},"3":{"name":"getWeather","decl":{"start":{"line":56,"column":15},"end":{"line":56,"column":25}},"loc":{"start":{"line":56,"column":36},"end":{"line":71,"column":1}},"line":56},"4":{"name":"displayIcon","decl":{"start":{"line":73,"column":9},"end":{"line":73,"column":20}},"loc":{"start":{"line":73,"column":26},"end":{"line":81,"column":1}},"line":73},"5":{"name":"fetchHistoricalData","decl":{"start":{"line":83,"column":15},"end":{"line":83,"column":34}},"loc":{"start":{"line":83,"column":45},"end":{"line":125,"column":1}},"line":83},"6":{"name":"(anonymous_6)","decl":{"start":{"line":96,"column":28},"end":{"line":96,"column":29}},"loc":{"start":{"line":96,"column":40},"end":{"line":96,"column":55}},"line":96},"7":{"name":"(anonymous_7)","decl":{"start":{"line":103,"column":24},"end":{"line":103,"column":25}},"loc":{"start":{"line":103,"column":32},"end":{"line":119,"column":9}},"line":103},"8":{"name":"displayHistoricalData","decl":{"start":{"line":127,"column":9},"end":{"line":127,"column":30}},"loc":{"start":{"line":127,"column":44},"end":{"line":149,"column":1}},"line":127},"9":{"name":"createRow","decl":{"start":{"line":151,"column":9},"end":{"line":151,"column":18}},"loc":{"start":{"line":151,"column":25},"end":{"line":162,"column":1}},"line":151}},"branchMap":{"0":{"loc":{"start":{"line":27,"column":4},"end":{"line":31,"column":5}},"type":"if","locations":[{"start":{"line":27,"column":4},"end":{"line":31,"column":5}},{"start":{"line":29,"column":11},"end":{"line":31,"column":5}}],"line":27},"1":{"loc":{"start":{"line":40,"column":8},"end":{"line":42,"column":9}},"type":"if","locations":[{"start":{"line":40,"column":8},"end":{"line":42,"column":9}},{"start":{},"end":{}}],"line":40},"2":{"loc":{"start":{"line":48,"column":8},"end":{"line":50,"column":9}},"type":"if","locations":[{"start":{"line":48,"column":8},"end":{"line":50,"column":9}},{"start":{},"end":{}}],"line":48},"3":{"loc":{"start":{"line":61,"column":8},"end":{"line":63,"column":9}},"type":"if","locations":[{"start":{"line":61,"column":8},"end":{"line":63,"column":9}},{"start":{},"end":{}}],"line":61},"4":{"loc":{"start":{"line":104,"column":12},"end":{"line":107,"column":13}},"type":"if","locations":[{"start":{"line":104,"column":12},"end":{"line":107,"column":13}},{"start":{},"end":{}}],"line":104}},"s":{"0":1,"1":1,"2":1,"3":1,"4":1,"5":1,"6":1,"7":1,"8":1,"9":1,"10":1,"11":1,"12":0,"13":0,"14":0,"15":0,"16":3,"17":3,"18":3,"19":2,"20":0,"21":2,"22":2,"23":0,"24":0,"25":0,"26":0,"27":0,"28":3,"29":2,"30":2,"31":2,"32":1,"33":0,"34":1,"35":1,"36":1,"37":0,"38":2,"39":0,"40":0,"41":0,"42":0,"43":0,"44":0,"45":0,"46":1,"47":1,"48":1,"49":1,"50":7,"51":7,"52":7,"53":7,"54":7,"55":7,"56":1,"57":1,"58":1,"59":2,"60":0,"61":0,"62":2,"63":1,"64":0,"65":1,"66":1,"67":1,"68":1,"69":1,"70":1,"71":1,"72":3,"73":3},"f":{"0":1,"1":0,"2":3,"3":2,"4":0,"5":1,"6":7,"7":2,"8":1,"9":3},"b":{"0":[0,0],"1":[0,2],"2":[0,0],"3":[0,1],"4":[0,2]},"_coverageSchema":"1a1c01bbd47fc00a2c39e90264f33305004495a9","hash":"2a9c6c101e3d3c3947705836e0e9c31737ae5b85"}
,"C:\\Users\\danke\\Downloads\\STIN_SEM\\login.js": {"path":"C:\\Users\\danke\\Downloads\\STIN_SEM\\login.js","statementMap":{"0":{"start":{"line":6,"column":29},"end":{"line":21,"column":1}},"1":{"start":{"line":7,"column":2},"end":{"line":20,"column":5}},"2":{"start":{"line":8,"column":4},"end":{"line":19,"column":5}},"3":{"start":{"line":9,"column":6},"end":{"line":9,"column":32}},"4":{"start":{"line":10,"column":6},"end":{"line":16,"column":9}},"5":{"start":{"line":11,"column":8},"end":{"line":15,"column":9}},"6":{"start":{"line":12,"column":10},"end":{"line":12,"column":78}},"7":{"start":{"line":13,"column":15},"end":{"line":15,"column":9}},"8":{"start":{"line":14,"column":10},"end":{"line":14,"column":49}},"9":{"start":{"line":17,"column":11},"end":{"line":19,"column":5}},"10":{"start":{"line":18,"column":6},"end":{"line":18,"column":50}},"11":{"start":{"line":23,"column":14},"end":{"line":25,"column":1}},"12":{"start":{"line":24,"column":2},"end":{"line":24,"column":26}},"13":{"start":{"line":27,"column":15},"end":{"line":29,"column":1}},"14":{"start":{"line":28,"column":2},"end":{"line":28,"column":59}},"15":{"start":{"line":31,"column":20},"end":{"line":39,"column":1}},"16":{"start":{"line":32,"column":2},"end":{"line":38,"column":5}},"17":{"start":{"line":33,"column":4},"end":{"line":37,"column":5}},"18":{"start":{"line":34,"column":6},"end":{"line":34,"column":38}},"19":{"start":{"line":35,"column":11},"end":{"line":37,"column":5}},"20":{"start":{"line":36,"column":6},"end":{"line":36,"column":45}},"21":{"start":{"line":41,"column":30},"end":{"line":47,"column":1}},"22":{"start":{"line":42,"column":2},"end":{"line":42,"column":46}},"23":{"start":{"line":44,"column":2},"end":{"line":44,"column":68}},"24":{"start":{"line":45,"column":2},"end":{"line":45,"column":70}},"25":{"start":{"line":46,"column":2},"end":{"line":46,"column":25}},"26":{"start":{"line":49,"column":0},"end":{"line":49,"column":46}},"27":{"start":{"line":49,"column":22},"end":{"line":49,"column":45}}},"fnMap":{"0":{"name":"(anonymous_0)","decl":{"start":{"line":6,"column":29},"end":{"line":6,"column":30}},"loc":{"start":{"line":6,"column":35},"end":{"line":21,"column":1}},"line":6},"1":{"name":"(anonymous_1)","decl":{"start":{"line":7,"column":24},"end":{"line":7,"column":25}},"loc":{"start":{"line":7,"column":45},"end":{"line":20,"column":3}},"line":7},"2":{"name":"(anonymous_2)","decl":{"start":{"line":10,"column":58},"end":{"line":10,"column":59}},"loc":{"start":{"line":10,"column":73},"end":{"line":16,"column":7}},"line":10},"3":{"name":"(anonymous_3)","decl":{"start":{"line":23,"column":14},"end":{"line":23,"column":15}},"loc":{"start":{"line":23,"column":20},"end":{"line":25,"column":1}},"line":23},"4":{"name":"(anonymous_4)","decl":{"start":{"line":27,"column":15},"end":{"line":27,"column":16}},"loc":{"start":{"line":27,"column":21},"end":{"line":29,"column":1}},"line":27},"5":{"name":"(anonymous_5)","decl":{"start":{"line":31,"column":20},"end":{"line":31,"column":21}},"loc":{"start":{"line":31,"column":37},"end":{"line":39,"column":1}},"line":31},"6":{"name":"(anonymous_6)","decl":{"start":{"line":32,"column":43},"end":{"line":32,"column":44}},"loc":{"start":{"line":32,"column":58},"end":{"line":38,"column":3}},"line":32},"7":{"name":"(anonymous_7)","decl":{"start":{"line":41,"column":30},"end":{"line":41,"column":31}},"loc":{"start":{"line":41,"column":42},"end":{"line":47,"column":1}},"line":41},"8":{"name":"(anonymous_8)","decl":{"start":{"line":49,"column":16},"end":{"line":49,"column":17}},"loc":{"start":{"line":49,"column":22},"end":{"line":49,"column":45}},"line":49}},"branchMap":{"0":{"loc":{"start":{"line":8,"column":4},"end":{"line":19,"column":5}},"type":"if","locations":[{"start":{"line":8,"column":4},"end":{"line":19,"column":5}},{"start":{"line":17,"column":11},"end":{"line":19,"column":5}}],"line":8},"1":{"loc":{"start":{"line":8,"column":8},"end":{"line":8,"column":66}},"type":"binary-expr","locations":[{"start":{"line":8,"column":8},"end":{"line":8,"column":18}},{"start":{"line":8,"column":22},"end":{"line":8,"column":44}},{"start":{"line":8,"column":48},"end":{"line":8,"column":66}}],"line":8},"2":{"loc":{"start":{"line":11,"column":8},"end":{"line":15,"column":9}},"type":"if","locations":[{"start":{"line":11,"column":8},"end":{"line":15,"column":9}},{"start":{"line":13,"column":15},"end":{"line":15,"column":9}}],"line":11},"3":{"loc":{"start":{"line":13,"column":15},"end":{"line":15,"column":9}},"type":"if","locations":[{"start":{"line":13,"column":15},"end":{"line":15,"column":9}},{"start":{},"end":{}}],"line":13},"4":{"loc":{"start":{"line":17,"column":11},"end":{"line":19,"column":5}},"type":"if","locations":[{"start":{"line":17,"column":11},"end":{"line":19,"column":5}},{"start":{},"end":{}}],"line":17},"5":{"loc":{"start":{"line":33,"column":4},"end":{"line":37,"column":5}},"type":"if","locations":[{"start":{"line":33,"column":4},"end":{"line":37,"column":5}},{"start":{"line":35,"column":11},"end":{"line":37,"column":5}}],"line":33},"6":{"loc":{"start":{"line":35,"column":11},"end":{"line":37,"column":5}},"type":"if","locations":[{"start":{"line":35,"column":11},"end":{"line":37,"column":5}},{"start":{},"end":{}}],"line":35},"7":{"loc":{"start":{"line":42,"column":16},"end":{"line":42,"column":45}},"type":"binary-expr","locations":[{"start":{"line":42,"column":16},"end":{"line":42,"column":22}},{"start":{"line":42,"column":26},"end":{"line":42,"column":45}}],"line":42}},"s":{"0":1,"1":13,"2":4,"3":2,"4":2,"5":1,"6":0,"7":1,"8":1,"9":2,"10":2,"11":1,"12":1,"13":1,"14":1,"15":1,"16":3,"17":2,"18":1,"19":1,"20":1,"21":1,"22":9,"23":9,"24":9,"25":9,"26":1,"27":0},"f":{"0":13,"1":4,"2":1,"3":1,"4":1,"5":3,"6":2,"7":9,"8":0},"b":{"0":[2,2],"1":[4,2,2],"2":[0,1],"3":[1,0],"4":[2,0],"5":[1,1],"6":[1,0],"7":[9,0]},"_coverageSchema":"1a1c01bbd47fc00a2c39e90264f33305004495a9","hash":"8e2f6b442f3bc153b2cb29423e3563ca021cb6f5"}
}
