{"C:\\Users\\danke\\Downloads\\STIN_SEM\\auth0Client.js": {"path":"C:\\Users\\danke\\Downloads\\STIN_SEM\\auth0Client.js","statementMap":{"0":{"start":{"line":2,"column":21},"end":{"line":2,"column":56}},"1":{"start":{"line":3,"column":21},"end":{"line":3,"column":87}},"2":{"start":{"line":5,"column":26},"end":{"line":14,"column":1}},"3":{"start":{"line":6,"column":2},"end":{"line":13,"column":5}}},"fnMap":{"0":{"name":"(anonymous_0)","decl":{"start":{"line":5,"column":26},"end":{"line":5,"column":27}},"loc":{"start":{"line":5,"column":32},"end":{"line":14,"column":1}},"line":5}},"branchMap":{},"s":{"0":2,"1":2,"2":2,"3":2},"f":{"0":2},"b":{},"_coverageSchema":"1a1c01bbd47fc00a2c39e90264f33305004495a9","hash":"a1f6009fd94d055b276fd0071e88c3b215829006"}
,"C:\\Users\\danke\\Downloads\\STIN_SEM\\index.js": {"path":"C:\\Users\\danke\\Downloads\\STIN_SEM\\index.js","statementMap":{"0":{"start":{"line":3,"column":14},"end":{"line":3,"column":55}},"1":{"start":{"line":4,"column":19},"end":{"line":4,"column":69}},"2":{"start":{"line":5,"column":15},"end":{"line":5,"column":65}},"3":{"start":{"line":6,"column":24},"end":{"line":6,"column":26}},"4":{"start":{"line":8,"column":19},"end":{"line":8,"column":60}},"5":{"start":{"line":9,"column":22},"end":{"line":9,"column":117}},"6":{"start":{"line":15,"column":21},"end":{"line":15,"column":62}},"7":{"start":{"line":18,"column":21},"end":{"line":18,"column":55}},"8":{"start":{"line":19,"column":21},"end":{"line":19,"column":55}},"9":{"start":{"line":21,"column":4},"end":{"line":21,"column":56}},"10":{"start":{"line":22,"column":4},"end":{"line":22,"column":27}},"11":{"start":{"line":25,"column":0},"end":{"line":32,"column":3}},"12":{"start":{"line":26,"column":23},"end":{"line":26,"column":60}},"13":{"start":{"line":27,"column":4},"end":{"line":31,"column":5}},"14":{"start":{"line":28,"column":8},"end":{"line":28,"column":56}},"15":{"start":{"line":30,"column":8},"end":{"line":30,"column":63}},"16":{"start":{"line":36,"column":24},"end":{"line":36,"column":56}},"17":{"start":{"line":38,"column":4},"end":{"line":50,"column":5}},"18":{"start":{"line":39,"column":25},"end":{"line":39,"column":51}},"19":{"start":{"line":40,"column":21},"end":{"line":40,"column":42}},"20":{"start":{"line":41,"column":25},"end":{"line":41,"column":36}},"21":{"start":{"line":42,"column":26},"end":{"line":42,"column":37}},"22":{"start":{"line":43,"column":8},"end":{"line":43,"column":40}},"23":{"start":{"line":44,"column":24},"end":{"line":44,"column":55}},"24":{"start":{"line":45,"column":8},"end":{"line":47,"column":9}},"25":{"start":{"line":46,"column":12},"end":{"line":46,"column":52}},"26":{"start":{"line":49,"column":8},"end":{"line":49,"column":29}},"27":{"start":{"line":54,"column":24},"end":{"line":54,"column":73}},"28":{"start":{"line":56,"column":4},"end":{"line":65,"column":5}},"29":{"start":{"line":57,"column":25},"end":{"line":57,"column":51}},"30":{"start":{"line":58,"column":8},"end":{"line":60,"column":9}},"31":{"start":{"line":59,"column":12},"end":{"line":59,"column":59}},"32":{"start":{"line":61,"column":21},"end":{"line":61,"column":42}},"33":{"start":{"line":62,"column":8},"end":{"line":62,"column":42}},"34":{"start":{"line":64,"column":8},"end":{"line":64,"column":29}},"35":{"start":{"line":69,"column":17},"end":{"line":69,"column":68}},"36":{"start":{"line":70,"column":23},"end":{"line":70,"column":52}},"37":{"start":{"line":71,"column":4},"end":{"line":71,"column":27}},"38":{"start":{"line":72,"column":21},"end":{"line":72,"column":60}},"39":{"start":{"line":73,"column":4},"end":{"line":73,"column":27}},"40":{"start":{"line":74,"column":4},"end":{"line":74,"column":31}},"41":{"start":{"line":78,"column":24},"end":{"line":78,"column":26}},"42":{"start":{"line":79,"column":26},"end":{"line":79,"column":28}},"43":{"start":{"line":81,"column":4},"end":{"line":92,"column":5}},"44":{"start":{"line":81,"column":17},"end":{"line":81,"column":18}},"45":{"start":{"line":82,"column":21},"end":{"line":82,"column":31}},"46":{"start":{"line":83,"column":8},"end":{"line":83,"column":41}},"47":{"start":{"line":84,"column":30},"end":{"line":84,"column":62}},"48":{"start":{"line":86,"column":20},"end":{"line":86,"column":136}},"49":{"start":{"line":89,"column":8},"end":{"line":91,"column":10}},"50":{"start":{"line":90,"column":40},"end":{"line":90,"column":55}},"51":{"start":{"line":94,"column":4},"end":{"line":118,"column":5}},"52":{"start":{"line":95,"column":24},"end":{"line":95,"column":56}},"53":{"start":{"line":97,"column":8},"end":{"line":113,"column":11}},"54":{"start":{"line":98,"column":12},"end":{"line":102,"column":13}},"55":{"start":{"line":99,"column":16},"end":{"line":99,"column":34}},"56":{"start":{"line":100,"column":16},"end":{"line":100,"column":40}},"57":{"start":{"line":101,"column":16},"end":{"line":101,"column":23}},"58":{"start":{"line":103,"column":106},"end":{"line":103,"column":116}},"59":{"start":{"line":105,"column":12},"end":{"line":112,"column":15}},"60":{"start":{"line":115,"column":8},"end":{"line":115,"column":43}},"61":{"start":{"line":117,"column":8},"end":{"line":117,"column":64}},"62":{"start":{"line":123,"column":22},"end":{"line":135,"column":20}},"63":{"start":{"line":137,"column":22},"end":{"line":137,"column":57}},"64":{"start":{"line":138,"column":24},"end":{"line":138,"column":42}},"65":{"start":{"line":140,"column":32},"end":{"line":140,"column":69}},"66":{"start":{"line":141,"column":4},"end":{"line":141,"column":74}},"67":{"start":{"line":145,"column":4},"end":{"line":153,"column":15}}},"fnMap":{"0":{"name":"writeText","decl":{"start":{"line":13,"column":9},"end":{"line":13,"column":18}},"loc":{"start":{"line":13,"column":21},"end":{"line":23,"column":1}},"line":13},"1":{"name":"(anonymous_1)","decl":{"start":{"line":25,"column":46},"end":{"line":25,"column":47}},"loc":{"start":{"line":25,"column":52},"end":{"line":32,"column":1}},"line":25},"2":{"name":"getLocation","decl":{"start":{"line":35,"column":15},"end":{"line":35,"column":26}},"loc":{"start":{"line":35,"column":37},"end":{"line":51,"column":1}},"line":35},"3":{"name":"getWeather","decl":{"start":{"line":53,"column":15},"end":{"line":53,"column":25}},"loc":{"start":{"line":53,"column":36},"end":{"line":66,"column":1}},"line":53},"4":{"name":"displayIcon","decl":{"start":{"line":68,"column":9},"end":{"line":68,"column":20}},"loc":{"start":{"line":68,"column":26},"end":{"line":75,"column":1}},"line":68},"5":{"name":"fetchHistoricalData","decl":{"start":{"line":77,"column":15},"end":{"line":77,"column":34}},"loc":{"start":{"line":77,"column":45},"end":{"line":119,"column":1}},"line":77},"6":{"name":"(anonymous_6)","decl":{"start":{"line":90,"column":28},"end":{"line":90,"column":29}},"loc":{"start":{"line":90,"column":40},"end":{"line":90,"column":55}},"line":90},"7":{"name":"(anonymous_7)","decl":{"start":{"line":97,"column":24},"end":{"line":97,"column":25}},"loc":{"start":{"line":97,"column":32},"end":{"line":113,"column":9}},"line":97},"8":{"name":"displayHistoricalData","decl":{"start":{"line":121,"column":9},"end":{"line":121,"column":30}},"loc":{"start":{"line":121,"column":44},"end":{"line":142,"column":1}},"line":121},"9":{"name":"createRow","decl":{"start":{"line":144,"column":9},"end":{"line":144,"column":18}},"loc":{"start":{"line":144,"column":25},"end":{"line":154,"column":1}},"line":144}},"branchMap":{"0":{"loc":{"start":{"line":27,"column":4},"end":{"line":31,"column":5}},"type":"if","locations":[{"start":{"line":27,"column":4},"end":{"line":31,"column":5}},{"start":{"line":29,"column":11},"end":{"line":31,"column":5}}],"line":27},"1":{"loc":{"start":{"line":45,"column":8},"end":{"line":47,"column":9}},"type":"if","locations":[{"start":{"line":45,"column":8},"end":{"line":47,"column":9}},{"start":{},"end":{}}],"line":45},"2":{"loc":{"start":{"line":58,"column":8},"end":{"line":60,"column":9}},"type":"if","locations":[{"start":{"line":58,"column":8},"end":{"line":60,"column":9}},{"start":{},"end":{}}],"line":58},"3":{"loc":{"start":{"line":98,"column":12},"end":{"line":102,"column":13}},"type":"if","locations":[{"start":{"line":98,"column":12},"end":{"line":102,"column":13}},{"start":{},"end":{}}],"line":98}},"s":{"0":1,"1":1,"2":1,"3":1,"4":1,"5":1,"6":1,"7":1,"8":1,"9":1,"10":1,"11":1,"12":0,"13":0,"14":0,"15":0,"16":3,"17":3,"18":3,"19":2,"20":2,"21":0,"22":0,"23":0,"24":0,"25":0,"26":3,"27":2,"28":2,"29":2,"30":1,"31":0,"32":1,"33":1,"34":2,"35":3,"36":3,"37":3,"38":3,"39":3,"40":3,"41":1,"42":1,"43":1,"44":1,"45":7,"46":7,"47":7,"48":7,"49":7,"50":7,"51":1,"52":1,"53":1,"54":7,"55":0,"56":0,"57":0,"58":7,"59":7,"60":1,"61":1,"62":2,"63":2,"64":2,"65":2,"66":2,"67":10},"f":{"0":1,"1":0,"2":3,"3":2,"4":3,"5":1,"6":7,"7":7,"8":2,"9":10},"b":{"0":[0,0],"1":[0,0],"2":[0,1],"3":[0,7]},"_coverageSchema":"1a1c01bbd47fc00a2c39e90264f33305004495a9","hash":"55a52214122162c5a693e4e571fa073310607bf7"}
,"C:\\Users\\danke\\Downloads\\STIN_SEM\\login.js": {"path":"C:\\Users\\danke\\Downloads\\STIN_SEM\\login.js","statementMap":{"0":{"start":{"line":4,"column":20},"end":{"line":4,"column":870}},"1":{"start":{"line":10,"column":29},"end":{"line":30,"column":1}},"2":{"start":{"line":11,"column":2},"end":{"line":29,"column":5}},"3":{"start":{"line":12,"column":4},"end":{"line":28,"column":5}},"4":{"start":{"line":13,"column":6},"end":{"line":13,"column":32}},"5":{"start":{"line":14,"column":6},"end":{"line":25,"column":9}},"6":{"start":{"line":15,"column":8},"end":{"line":24,"column":9}},"7":{"start":{"line":16,"column":10},"end":{"line":16,"column":70}},"8":{"start":{"line":17,"column":10},"end":{"line":17,"column":69}},"9":{"start":{"line":18,"column":10},"end":{"line":18,"column":63}},"10":{"start":{"line":19,"column":10},"end":{"line":19,"column":65}},"11":{"start":{"line":20,"column":10},"end":{"line":20,"column":28}},"12":{"start":{"line":21,"column":10},"end":{"line":21,"column":44}},"13":{"start":{"line":22,"column":10},"end":{"line":22,"column":36}},"14":{"start":{"line":23,"column":10},"end":{"line":23,"column":78}},"15":{"start":{"line":26,"column":11},"end":{"line":28,"column":5}},"16":{"start":{"line":27,"column":6},"end":{"line":27,"column":50}},"17":{"start":{"line":32,"column":28},"end":{"line":68,"column":1}},"18":{"start":{"line":33,"column":19},"end":{"line":33,"column":67}},"19":{"start":{"line":34,"column":17},"end":{"line":34,"column":52}},"20":{"start":{"line":35,"column":2},"end":{"line":38,"column":3}},"21":{"start":{"line":36,"column":4},"end":{"line":36,"column":36}},"22":{"start":{"line":37,"column":4},"end":{"line":37,"column":11}},"23":{"start":{"line":40,"column":2},"end":{"line":42,"column":3}},"24":{"start":{"line":41,"column":4},"end":{"line":41,"column":37}},"25":{"start":{"line":44,"column":2},"end":{"line":47,"column":3}},"26":{"start":{"line":45,"column":4},"end":{"line":45,"column":58}},"27":{"start":{"line":46,"column":4},"end":{"line":46,"column":11}},"28":{"start":{"line":49,"column":2},"end":{"line":49,"column":44}},"29":{"start":{"line":50,"column":14},"end":{"line":52,"column":3}},"30":{"start":{"line":55,"column":0},"end":{"line":66,"column":3}},"31":{"start":{"line":62,"column":2},"end":{"line":62,"column":68}},"32":{"start":{"line":65,"column":2},"end":{"line":65,"column":70}},"33":{"start":{"line":67,"column":0},"end":{"line":67,"column":26}},"34":{"start":{"line":70,"column":33},"end":{"line":80,"column":1}},"35":{"start":{"line":71,"column":16},"end":{"line":71,"column":51}},"36":{"start":{"line":72,"column":2},"end":{"line":72,"column":66}},"37":{"start":{"line":73,"column":2},"end":{"line":78,"column":5}},"38":{"start":{"line":74,"column":19},"end":{"line":74,"column":51}},"39":{"start":{"line":75,"column":4},"end":{"line":75,"column":32}},"40":{"start":{"line":76,"column":4},"end":{"line":76,"column":26}},"41":{"start":{"line":77,"column":4},"end":{"line":77,"column":29}},"42":{"start":{"line":79,"column":2},"end":{"line":79,"column":59}},"43":{"start":{"line":82,"column":14},"end":{"line":84,"column":1}},"44":{"start":{"line":83,"column":2},"end":{"line":83,"column":26}},"45":{"start":{"line":86,"column":15},"end":{"line":88,"column":1}},"46":{"start":{"line":87,"column":2},"end":{"line":87,"column":59}},"47":{"start":{"line":91,"column":30},"end":{"line":101,"column":1}},"48":{"start":{"line":92,"column":2},"end":{"line":92,"column":46}},"49":{"start":{"line":94,"column":2},"end":{"line":94,"column":88}},"50":{"start":{"line":95,"column":2},"end":{"line":95,"column":68}},"51":{"start":{"line":96,"column":2},"end":{"line":96,"column":70}},"52":{"start":{"line":97,"column":2},"end":{"line":99,"column":4}},"53":{"start":{"line":98,"column":4},"end":{"line":98,"column":58}},"54":{"start":{"line":100,"column":2},"end":{"line":100,"column":25}},"55":{"start":{"line":103,"column":0},"end":{"line":103,"column":46}},"56":{"start":{"line":103,"column":22},"end":{"line":103,"column":45}}},"fnMap":{"0":{"name":"(anonymous_0)","decl":{"start":{"line":10,"column":29},"end":{"line":10,"column":30}},"loc":{"start":{"line":10,"column":35},"end":{"line":30,"column":1}},"line":10},"1":{"name":"(anonymous_1)","decl":{"start":{"line":11,"column":24},"end":{"line":11,"column":25}},"loc":{"start":{"line":11,"column":45},"end":{"line":29,"column":3}},"line":11},"2":{"name":"(anonymous_2)","decl":{"start":{"line":14,"column":58},"end":{"line":14,"column":59}},"loc":{"start":{"line":14,"column":73},"end":{"line":25,"column":7}},"line":14},"3":{"name":"(anonymous_3)","decl":{"start":{"line":32,"column":28},"end":{"line":32,"column":29}},"loc":{"start":{"line":32,"column":40},"end":{"line":68,"column":1}},"line":32},"4":{"name":"(anonymous_4)","decl":{"start":{"line":61,"column":6},"end":{"line":61,"column":7}},"loc":{"start":{"line":61,"column":18},"end":{"line":63,"column":1}},"line":61},"5":{"name":"(anonymous_5)","decl":{"start":{"line":64,"column":7},"end":{"line":64,"column":8}},"loc":{"start":{"line":64,"column":16},"end":{"line":66,"column":1}},"line":64},"6":{"name":"(anonymous_6)","decl":{"start":{"line":70,"column":33},"end":{"line":70,"column":34}},"loc":{"start":{"line":70,"column":39},"end":{"line":80,"column":1}},"line":70},"7":{"name":"(anonymous_7)","decl":{"start":{"line":73,"column":38},"end":{"line":73,"column":39}},"loc":{"start":{"line":73,"column":49},"end":{"line":78,"column":3}},"line":73},"8":{"name":"(anonymous_8)","decl":{"start":{"line":82,"column":14},"end":{"line":82,"column":15}},"loc":{"start":{"line":82,"column":20},"end":{"line":84,"column":1}},"line":82},"9":{"name":"(anonymous_9)","decl":{"start":{"line":86,"column":15},"end":{"line":86,"column":16}},"loc":{"start":{"line":86,"column":21},"end":{"line":88,"column":1}},"line":86},"10":{"name":"(anonymous_10)","decl":{"start":{"line":91,"column":30},"end":{"line":91,"column":31}},"loc":{"start":{"line":91,"column":42},"end":{"line":101,"column":1}},"line":91},"11":{"name":"(anonymous_11)","decl":{"start":{"line":97,"column":65},"end":{"line":97,"column":66}},"loc":{"start":{"line":97,"column":75},"end":{"line":99,"column":3}},"line":97},"12":{"name":"(anonymous_12)","decl":{"start":{"line":103,"column":16},"end":{"line":103,"column":17}},"loc":{"start":{"line":103,"column":22},"end":{"line":103,"column":45}},"line":103}},"branchMap":{"0":{"loc":{"start":{"line":12,"column":4},"end":{"line":28,"column":5}},"type":"if","locations":[{"start":{"line":12,"column":4},"end":{"line":28,"column":5}},{"start":{"line":26,"column":11},"end":{"line":28,"column":5}}],"line":12},"1":{"loc":{"start":{"line":12,"column":8},"end":{"line":12,"column":66}},"type":"binary-expr","locations":[{"start":{"line":12,"column":8},"end":{"line":12,"column":18}},{"start":{"line":12,"column":22},"end":{"line":12,"column":44}},{"start":{"line":12,"column":48},"end":{"line":12,"column":66}}],"line":12},"2":{"loc":{"start":{"line":15,"column":8},"end":{"line":24,"column":9}},"type":"if","locations":[{"start":{"line":15,"column":8},"end":{"line":24,"column":9}},{"start":{},"end":{}}],"line":15},"3":{"loc":{"start":{"line":26,"column":11},"end":{"line":28,"column":5}},"type":"if","locations":[{"start":{"line":26,"column":11},"end":{"line":28,"column":5}},{"start":{},"end":{}}],"line":26},"4":{"loc":{"start":{"line":35,"column":2},"end":{"line":38,"column":3}},"type":"if","locations":[{"start":{"line":35,"column":2},"end":{"line":38,"column":3}},{"start":{},"end":{}}],"line":35},"5":{"loc":{"start":{"line":40,"column":2},"end":{"line":42,"column":3}},"type":"if","locations":[{"start":{"line":40,"column":2},"end":{"line":42,"column":3}},{"start":{},"end":{}}],"line":40},"6":{"loc":{"start":{"line":44,"column":2},"end":{"line":47,"column":3}},"type":"if","locations":[{"start":{"line":44,"column":2},"end":{"line":47,"column":3}},{"start":{},"end":{}}],"line":44},"7":{"loc":{"start":{"line":92,"column":16},"end":{"line":92,"column":45}},"type":"binary-expr","locations":[{"start":{"line":92,"column":16},"end":{"line":92,"column":22}},{"start":{"line":92,"column":26},"end":{"line":92,"column":45}}],"line":92}},"s":{"0":1,"1":1,"2":11,"3":2,"4":1,"5":1,"6":1,"7":1,"8":1,"9":1,"10":1,"11":1,"12":1,"13":1,"14":1,"15":1,"16":1,"17":1,"18":2,"19":2,"20":2,"21":1,"22":1,"23":1,"24":0,"25":1,"26":1,"27":1,"28":0,"29":0,"30":0,"31":0,"32":0,"33":0,"34":1,"35":3,"36":3,"37":3,"38":6,"39":6,"40":6,"41":6,"42":3,"43":1,"44":1,"45":1,"46":1,"47":1,"48":9,"49":9,"50":9,"51":9,"52":9,"53":9,"54":9,"55":1,"56":0},"f":{"0":11,"1":2,"2":1,"3":2,"4":0,"5":0,"6":3,"7":6,"8":1,"9":1,"10":9,"11":9,"12":0},"b":{"0":[1,1],"1":[2,1,1],"2":[1,0],"3":[1,0],"4":[1,1],"5":[0,1],"6":[1,0],"7":[9,0]},"_coverageSchema":"1a1c01bbd47fc00a2c39e90264f33305004495a9","hash":"c249de8856e5f95a3b29d9ce5998f1eb86357056"}
,"C:\\Users\\danke\\Downloads\\STIN_SEM\\script.js": {"path":"C:\\Users\\danke\\Downloads\\STIN_SEM\\script.js","statementMap":{"0":{"start":{"line":4,"column":4},"end":{"line":4,"column":75}},"1":{"start":{"line":8,"column":4},"end":{"line":8,"column":72}}},"fnMap":{"0":{"name":"showForm","decl":{"start":{"line":3,"column":9},"end":{"line":3,"column":17}},"loc":{"start":{"line":3,"column":20},"end":{"line":5,"column":1}},"line":3},"1":{"name":"hideForm","decl":{"start":{"line":7,"column":9},"end":{"line":7,"column":17}},"loc":{"start":{"line":7,"column":20},"end":{"line":9,"column":1}},"line":7}},"branchMap":{},"s":{"0":1,"1":1},"f":{"0":1,"1":1},"b":{},"_coverageSchema":"1a1c01bbd47fc00a2c39e90264f33305004495a9","hash":"3a4bb13a28c2b1fd4061106999ecab720839e8d5"}
}
