TN:
SF:auth0Client.js
FN:5,(anonymous_0)
FNF:1
FNH:0
FNDA:0,(anonymous_0)
DA:2,1
DA:3,1
DA:5,1
DA:6,0
LF:4
LH:3
BRF:0
BRH:0
end_of_record
TN:
SF:index.js
FN:13,writeText
FN:25,(anonymous_1)
FN:35,getLocation
FN:56,getWeather
FN:71,displayIcon
FN:80,fetchHistoricalData
FN:93,(anonymous_6)
FN:100,(anonymous_7)
FN:123,displayHistoricalData
FN:146,createRow
FNF:10
FNH:8
FNDA:1,writeText
FNDA:0,(anonymous_1)
FNDA:3,getLocation
FNDA:2,getWeather
FNDA:0,displayIcon
FNDA:1,fetchHistoricalData
FNDA:7,(anonymous_6)
FNDA:2,(anonymous_7)
FNDA:1,displayHistoricalData
FNDA:3,createRow
DA:3,1
DA:4,1
DA:5,1
DA:6,1
DA:8,1
DA:9,1
DA:15,1
DA:18,1
DA:19,1
DA:21,1
DA:22,1
DA:25,1
DA:26,0
DA:27,0
DA:28,0
DA:30,0
DA:36,3
DA:38,3
DA:39,3
DA:40,2
DA:41,0
DA:43,2
DA:44,2
DA:45,0
DA:46,0
DA:47,0
DA:48,0
DA:49,0
DA:52,3
DA:57,2
DA:59,2
DA:60,2
DA:61,1
DA:62,0
DA:64,1
DA:65,1
DA:67,2
DA:72,0
DA:73,0
DA:74,0
DA:75,0
DA:76,0
DA:77,0
DA:81,1
DA:82,1
DA:84,1
DA:85,7
DA:86,7
DA:87,7
DA:89,7
DA:92,7
DA:93,7
DA:97,1
DA:98,1
DA:100,1
DA:101,2
DA:102,0
DA:103,0
DA:105,2
DA:107,1
DA:117,0
DA:119,1
DA:125,1
DA:139,1
DA:140,1
DA:142,1
DA:143,1
DA:147,3
LF:68
LH:48
BRDA:27,0,0,0
BRDA:27,0,1,0
BRDA:40,1,0,0
BRDA:40,1,1,2
BRDA:48,2,0,0
BRDA:48,2,1,0
BRDA:61,3,0,0
BRDA:61,3,1,1
BRDA:101,4,0,0
BRDA:101,4,1,2
BRF:10
BRH:3
end_of_record
TN:
SF:login.js
FN:10,(anonymous_0)
FN:11,(anonymous_1)
FN:14,(anonymous_2)
FN:32,(anonymous_3)
FN:62,(anonymous_4)
FN:65,(anonymous_5)
FN:71,(anonymous_6)
FN:74,(anonymous_7)
FN:83,(anonymous_8)
FN:87,(anonymous_9)
FN:92,(anonymous_10)
FN:98,(anonymous_11)
FN:104,(anonymous_12)
FNF:13
FNH:8
FNDA:7,(anonymous_0)
FNDA:2,(anonymous_1)
FNDA:1,(anonymous_2)
FNDA:0,(anonymous_3)
FNDA:0,(anonymous_4)
FNDA:0,(anonymous_5)
FNDA:2,(anonymous_6)
FNDA:4,(anonymous_7)
FNDA:1,(anonymous_8)
FNDA:1,(anonymous_9)
FNDA:5,(anonymous_10)
FNDA:0,(anonymous_11)
FNDA:0,(anonymous_12)
DA:4,1
DA:10,1
DA:11,7
DA:12,2
DA:13,1
DA:14,1
DA:15,1
DA:16,1
DA:17,1
DA:18,1
DA:20,1
DA:21,1
DA:22,0
DA:23,0
DA:26,1
DA:27,1
DA:32,1
DA:33,0
DA:34,0
DA:36,0
DA:37,0
DA:38,0
DA:41,0
DA:42,0
DA:45,0
DA:46,0
DA:47,0
DA:49,0
DA:51,0
DA:56,0
DA:63,0
DA:66,0
DA:68,0
DA:71,1
DA:72,2
DA:73,2
DA:74,2
DA:75,4
DA:76,4
DA:77,4
DA:78,4
DA:80,2
DA:83,1
DA:84,1
DA:87,1
DA:88,1
DA:92,1
DA:93,5
DA:95,5
DA:96,5
DA:97,5
DA:98,5
DA:99,0
DA:101,5
DA:104,1
LF:55
LH:36
BRDA:12,0,0,1
BRDA:12,0,1,1
BRDA:12,1,0,2
BRDA:12,1,1,1
BRDA:12,1,2,1
BRDA:15,2,0,1
BRDA:15,2,1,0
BRDA:22,3,0,0
BRDA:22,3,1,0
BRDA:26,4,0,1
BRDA:26,4,1,0
BRDA:36,5,0,0
BRDA:36,5,1,0
BRDA:41,6,0,0
BRDA:41,6,1,0
BRDA:45,7,0,0
BRDA:45,7,1,0
BRDA:93,8,0,5
BRDA:93,8,1,0
BRF:19
BRH:8
end_of_record
