TN:
SF:index.js
FN:13,writeText
FN:25,(anonymous_1)
FN:35,getLocation
FN:56,getWeather
FN:73,displayIcon
FN:83,fetchHistoricalData
FN:96,(anonymous_6)
FN:103,(anonymous_7)
FN:127,displayHistoricalData
FN:151,createRow
FNF:10
FNH:8
FNDA:1,writeText
FNDA:0,(anonymous_1)
FNDA:3,getLocation
FNDA:2,getWeather
FNDA:0,displayIcon
FNDA:1,fetchHistoricalData
FNDA:7,(anonymous_6)
FNDA:2,(anonymous_7)
FNDA:1,displayHistoricalData
FNDA:3,createRow
DA:3,1
DA:4,1
DA:5,1
DA:6,1
DA:8,1
DA:9,1
DA:15,1
DA:18,1
DA:19,1
DA:21,1
DA:22,1
DA:25,1
DA:26,0
DA:27,0
DA:28,0
DA:30,0
DA:36,3
DA:38,3
DA:39,3
DA:40,2
DA:41,0
DA:43,2
DA:44,2
DA:45,0
DA:46,0
DA:47,0
DA:48,0
DA:49,0
DA:52,3
DA:57,2
DA:59,2
DA:60,2
DA:61,1
DA:62,0
DA:64,1
DA:65,1
DA:66,1
DA:67,0
DA:69,2
DA:74,0
DA:75,0
DA:76,0
DA:77,0
DA:78,0
DA:79,0
DA:80,0
DA:84,1
DA:85,1
DA:87,1
DA:88,7
DA:89,7
DA:90,7
DA:92,7
DA:95,7
DA:96,7
DA:100,1
DA:101,1
DA:103,1
DA:104,2
DA:105,0
DA:106,0
DA:109,2
DA:111,1
DA:121,0
DA:123,1
DA:128,1
DA:130,1
DA:144,1
DA:145,1
DA:147,1
DA:148,1
DA:152,3
DA:153,3
LF:73
LH:51
BRDA:27,0,0,0
BRDA:27,0,1,0
BRDA:40,1,0,0
BRDA:40,1,1,2
BRDA:48,2,0,0
BRDA:48,2,1,0
BRDA:61,3,0,0
BRDA:61,3,1,1
BRDA:104,4,0,0
BRDA:104,4,1,2
BRF:10
BRH:3
end_of_record
TN:
SF:login.js
FN:6,(anonymous_0)
FN:7,(anonymous_1)
FN:10,(anonymous_2)
FN:23,(anonymous_3)
FN:27,(anonymous_4)
FN:31,(anonymous_5)
FN:32,(anonymous_6)
FN:41,(anonymous_7)
FN:49,(anonymous_8)
FNF:9
FNH:8
FNDA:13,(anonymous_0)
FNDA:4,(anonymous_1)
FNDA:1,(anonymous_2)
FNDA:1,(anonymous_3)
FNDA:1,(anonymous_4)
FNDA:3,(anonymous_5)
FNDA:2,(anonymous_6)
FNDA:9,(anonymous_7)
FNDA:0,(anonymous_8)
DA:6,1
DA:7,13
DA:8,4
DA:9,2
DA:10,2
DA:11,1
DA:12,0
DA:13,1
DA:14,1
DA:17,2
DA:18,2
DA:23,1
DA:24,1
DA:27,1
DA:28,1
DA:31,1
DA:32,3
DA:33,2
DA:34,1
DA:35,1
DA:36,1
DA:41,1
DA:42,9
DA:44,9
DA:45,9
DA:46,9
DA:49,1
LF:27
LH:26
BRDA:8,0,0,2
BRDA:8,0,1,2
BRDA:8,1,0,4
BRDA:8,1,1,2
BRDA:8,1,2,2
BRDA:11,2,0,0
BRDA:11,2,1,1
BRDA:13,3,0,1
BRDA:13,3,1,0
BRDA:17,4,0,2
BRDA:17,4,1,0
BRDA:33,5,0,1
BRDA:33,5,1,1
BRDA:35,6,0,1
BRDA:35,6,1,0
BRDA:42,7,0,9
BRDA:42,7,1,0
BRF:17
BRH:12
end_of_record
